{"/home/azazdeaz/repos/react-gsap-enhancer/src/createTarget.js":{"path":"/home/azazdeaz/repos/react-gsap-enhancer/src/createTarget.js","s":{"1":1,"2":1,"3":1,"4":13,"5":13,"6":14,"7":14,"8":51,"9":11,"10":14,"11":11,"12":13,"13":1,"14":8,"15":8,"16":8,"17":35,"18":17,"19":8,"20":1,"21":10,"22":10,"23":11,"24":11,"25":24,"26":11,"27":11,"28":8,"29":10,"30":1,"31":8,"32":8,"33":8,"34":21,"35":12,"36":8,"37":1,"38":6,"39":9,"40":6,"41":1,"42":131,"43":1,"44":100,"45":100,"46":26,"47":100,"48":100,"49":97,"50":1,"51":127,"52":131,"53":131,"54":1,"55":108,"56":86,"57":86,"58":1,"59":69,"60":30,"61":69,"62":78,"63":78,"64":69,"65":13,"66":69,"67":8,"68":69,"69":10,"70":69,"71":8,"72":69,"73":6,"74":69,"75":1},"b":{"1":[11,40],"2":[51,20],"3":[11,3],"4":[17,18],"5":[11,13],"6":[8,3],"7":[12,9],"8":[12,88],"9":[100,100],"10":[26,74],"11":[131,0],"12":[30,39]},"f":{"1":13,"2":14,"3":51,"4":8,"5":8,"6":35,"7":10,"8":11,"9":24,"10":8,"11":8,"12":21,"13":6,"14":9,"15":131,"16":100,"17":97,"18":127,"19":131,"20":108,"21":86,"22":69,"23":78,"24":78,"25":13,"26":8,"27":10,"28":8,"29":6},"fnMap":{"1":{"name":"find","line":7,"loc":{"start":{"line":1,"column":-15},"end":{"line":1,"column":20}}},"2":{"name":"(anonymous_2)","line":10,"loc":{"start":{"line":4,"column":20},"end":{"line":4,"column":28}}},"3":{"name":"(anonymous_3)","line":13,"loc":{"start":{"line":7,"column":26},"end":{"line":7,"column":39}}},"4":{"name":"findAll","line":27,"loc":{"start":{"line":21,"column":0},"end":{"line":21,"column":38}}},"5":{"name":"(anonymous_5)","line":30,"loc":{"start":{"line":24,"column":20},"end":{"line":24,"column":24}}},"6":{"name":"(anonymous_6)","line":31,"loc":{"start":{"line":24,"column":50},"end":{"line":24,"column":63}}},"7":{"name":"findInChildren","line":40,"loc":{"start":{"line":32,"column":0},"end":{"line":32,"column":45}}},"8":{"name":"(anonymous_8)","line":43,"loc":{"start":{"line":35,"column":20},"end":{"line":35,"column":28}}},"9":{"name":"(anonymous_9)","line":45,"loc":{"start":{"line":37,"column":26},"end":{"line":37,"column":39}}},"10":{"name":"findAllInChildren","line":60,"loc":{"start":{"line":52,"column":0},"end":{"line":52,"column":48}}},"11":{"name":"(anonymous_11)","line":63,"loc":{"start":{"line":55,"column":20},"end":{"line":55,"column":24}}},"12":{"name":"(anonymous_12)","line":64,"loc":{"start":{"line":55,"column":50},"end":{"line":55,"column":63}}},"13":{"name":"findWithCommands","line":73,"loc":{"start":{"line":63,"column":0},"end":{"line":63,"column":44}}},"14":{"name":"(anonymous_14)","line":74,"loc":{"start":{"line":64,"column":19},"end":{"line":64,"column":30}}},"15":{"name":"isMounted","line":80,"loc":{"start":{"line":70,"column":0},"end":{"line":70,"column":25}}},"16":{"name":"testSelector","line":84,"loc":{"start":{"line":74,"column":0},"end":{"line":74,"column":48}}},"17":{"name":"(anonymous_17)","line":92,"loc":{"start":{"line":79,"column":37},"end":{"line":79,"column":52}}},"18":{"name":"iterateChildren","line":97,"loc":{"start":{"line":84,"column":0},"end":{"line":84,"column":41}}},"19":{"name":"(anonymous_19)","line":98,"loc":{"start":{"line":85,"column":24},"end":{"line":85,"column":37}}},"20":{"name":"recurseChildren","line":105,"loc":{"start":{"line":92,"column":0},"end":{"line":92,"column":41}}},"21":{"name":"(anonymous_21)","line":106,"loc":{"start":{"line":93,"column":24},"end":{"line":93,"column":37}}},"22":{"name":"createTarget","line":112,"loc":{"start":{"line":99,"column":15},"end":{"line":99,"column":48}}},"23":{"name":"(anonymous_23)","line":117,"loc":{"start":{"line":104,"column":31},"end":{"line":104,"column":35}}},"24":{"name":"(anonymous_24)","line":119,"loc":{"start":{"line":104,"column":57},"end":{"line":104,"column":61}}},"25":{"name":"(anonymous_25)","line":123,"loc":{"start":{"line":106,"column":16},"end":{"line":106,"column":24}}},"26":{"name":"(anonymous_26)","line":126,"loc":{"start":{"line":107,"column":19},"end":{"line":107,"column":27}}},"27":{"name":"(anonymous_27)","line":129,"loc":{"start":{"line":108,"column":26},"end":{"line":108,"column":34}}},"28":{"name":"(anonymous_28)","line":132,"loc":{"start":{"line":109,"column":29},"end":{"line":109,"column":37}}},"29":{"name":"(anonymous_29)","line":135,"loc":{"start":{"line":110,"column":28},"end":{"line":110,"column":35}}}},"statementMap":{"1":{"start":{"line":0,"column":0},"end":{"line":0,"column":0},"skip":true},"2":{"start":{"line":0,"column":0},"end":{"line":0,"column":0},"skip":true},"3":{"start":{"line":1,"column":-15},"end":{"line":19,"column":1}},"4":{"start":{"line":2,"column":2},"end":{"line":2,"column":19}},"5":{"start":{"line":4,"column":2},"end":{"line":16,"column":4}},"6":{"start":{"line":5,"column":4},"end":{"line":5,"column":13}},"7":{"start":{"line":7,"column":4},"end":{"line":11,"column":6}},"8":{"start":{"line":8,"column":6},"end":{"line":10,"column":7}},"9":{"start":{"line":9,"column":8},"end":{"line":9,"column":25}},"10":{"start":{"line":13,"column":4},"end":{"line":15,"column":5}},"11":{"start":{"line":14,"column":6},"end":{"line":14,"column":24}},"12":{"start":{"line":18,"column":2},"end":{"line":18,"column":29}},"13":{"start":{"line":21,"column":0},"end":{"line":30,"column":1}},"14":{"start":{"line":22,"column":2},"end":{"line":22,"column":19}},"15":{"start":{"line":24,"column":2},"end":{"line":28,"column":5}},"16":{"start":{"line":0,"column":0},"end":{"line":0,"column":0},"skip":true},"17":{"start":{"line":25,"column":4},"end":{"line":27,"column":5}},"18":{"start":{"line":26,"column":6},"end":{"line":26,"column":28}},"19":{"start":{"line":29,"column":2},"end":{"line":29,"column":29}},"20":{"start":{"line":32,"column":0},"end":{"line":50,"column":1}},"21":{"start":{"line":33,"column":2},"end":{"line":33,"column":19}},"22":{"start":{"line":35,"column":2},"end":{"line":47,"column":4}},"23":{"start":{"line":36,"column":4},"end":{"line":36,"column":13}},"24":{"start":{"line":37,"column":4},"end":{"line":41,"column":6}},"25":{"start":{"line":38,"column":6},"end":{"line":40,"column":7}},"26":{"start":{"line":39,"column":8},"end":{"line":39,"column":25}},"27":{"start":{"line":43,"column":4},"end":{"line":46,"column":5}},"28":{"start":{"line":45,"column":6},"end":{"line":45,"column":24}},"29":{"start":{"line":49,"column":2},"end":{"line":49,"column":29}},"30":{"start":{"line":52,"column":0},"end":{"line":61,"column":1}},"31":{"start":{"line":53,"column":2},"end":{"line":53,"column":19}},"32":{"start":{"line":55,"column":2},"end":{"line":59,"column":5}},"33":{"start":{"line":0,"column":0},"end":{"line":0,"column":0},"skip":true},"34":{"start":{"line":56,"column":4},"end":{"line":58,"column":5}},"35":{"start":{"line":57,"column":6},"end":{"line":57,"column":28}},"36":{"start":{"line":60,"column":2},"end":{"line":60,"column":29}},"37":{"start":{"line":63,"column":0},"end":{"line":68,"column":1}},"38":{"start":{"line":64,"column":2},"end":{"line":66,"column":4}},"39":{"start":{"line":65,"column":4},"end":{"line":65,"column":51}},"40":{"start":{"line":67,"column":2},"end":{"line":67,"column":15}},"41":{"start":{"line":70,"column":0},"end":{"line":72,"column":1}},"42":{"start":{"line":71,"column":2},"end":{"line":71,"column":20}},"43":{"start":{"line":74,"column":0},"end":{"line":82,"column":1}},"44":{"start":{"line":0,"column":0},"end":{"line":0,"column":0},"skip":true},"45":{"start":{"line":75,"column":2},"end":{"line":77,"column":3}},"46":{"start":{"line":76,"column":4},"end":{"line":76,"column":30}},"47":{"start":{"line":0,"column":0},"end":{"line":0,"column":0},"skip":true},"48":{"start":{"line":79,"column":2},"end":{"line":81,"column":4}},"49":{"start":{"line":80,"column":4},"end":{"line":80,"column":55}},"50":{"start":{"line":84,"column":0},"end":{"line":90,"column":1}},"51":{"start":{"line":85,"column":2},"end":{"line":89,"column":4}},"52":{"start":{"line":86,"column":4},"end":{"line":88,"column":5}},"53":{"start":{"line":87,"column":6},"end":{"line":87,"column":25}},"54":{"start":{"line":92,"column":0},"end":{"line":97,"column":1}},"55":{"start":{"line":93,"column":2},"end":{"line":96,"column":4}},"56":{"start":{"line":94,"column":4},"end":{"line":94,"column":23}},"57":{"start":{"line":95,"column":4},"end":{"line":95,"column":40}},"58":{"start":{"line":99,"column":15},"end":{"line":113,"column":1}},"59":{"start":{"line":100,"column":2},"end":{"line":102,"column":3}},"60":{"start":{"line":101,"column":4},"end":{"line":101,"column":39}},"61":{"start":{"line":104,"column":2},"end":{"line":104,"column":72}},"62":{"start":{"line":0,"column":0},"end":{"line":0,"column":0},"skip":true},"63":{"start":{"line":0,"column":0},"end":{"line":0,"column":0},"skip":true},"64":{"start":{"line":106,"column":2},"end":{"line":106,"column":53}},"65":{"start":{"line":0,"column":0},"end":{"line":0,"column":0},"skip":true},"66":{"start":{"line":107,"column":2},"end":{"line":107,"column":59}},"67":{"start":{"line":0,"column":0},"end":{"line":0,"column":0},"skip":true},"68":{"start":{"line":108,"column":2},"end":{"line":108,"column":73}},"69":{"start":{"line":0,"column":0},"end":{"line":0,"column":0},"skip":true},"70":{"start":{"line":109,"column":2},"end":{"line":109,"column":79}},"71":{"start":{"line":0,"column":0},"end":{"line":0,"column":0},"skip":true},"72":{"start":{"line":110,"column":2},"end":{"line":110,"column":72}},"73":{"start":{"line":0,"column":0},"end":{"line":0,"column":0},"skip":true},"74":{"start":{"line":112,"column":2},"end":{"line":112,"column":15}},"75":{"start":{"line":0,"column":0},"end":{"line":0,"column":0},"skip":true}},"branchMap":{"1":{"line":14,"type":"if","locations":[{"start":{"line":8,"column":6},"end":{"line":8,"column":6}},{"start":{"line":8,"column":6},"end":{"line":8,"column":6}}]},"2":{"line":14,"type":"binary-expr","locations":[{"start":{"line":8,"column":10},"end":{"line":8,"column":16}},{"start":{"line":8,"column":20},"end":{"line":8,"column":53}}]},"3":{"line":19,"type":"if","locations":[{"start":{"line":13,"column":4},"end":{"line":13,"column":4}},{"start":{"line":13,"column":4},"end":{"line":13,"column":4}}]},"4":{"line":32,"type":"if","locations":[{"start":{"line":25,"column":4},"end":{"line":25,"column":4}},{"start":{"line":25,"column":4},"end":{"line":25,"column":4}}]},"5":{"line":46,"type":"if","locations":[{"start":{"line":38,"column":6},"end":{"line":38,"column":6}},{"start":{"line":38,"column":6},"end":{"line":38,"column":6}}]},"6":{"line":51,"type":"if","locations":[{"start":{"line":43,"column":4},"end":{"line":43,"column":4}},{"start":{"line":43,"column":4},"end":{"line":43,"column":4}}]},"7":{"line":65,"type":"if","locations":[{"start":{"line":56,"column":4},"end":{"line":56,"column":4}},{"start":{"line":56,"column":4},"end":{"line":56,"column":4}}]},"8":{"line":85,"type":"cond-expr","locations":[{"start":{"line":74,"column":44},"end":{"line":74,"column":46}},{"start":{"line":74,"column":46},"end":{"line":74,"column":46}}]},"9":{"line":85,"type":"binary-expr","locations":[{"start":{"line":74,"column":41},"end":{"line":74,"column":41}},{"start":{"line":74,"column":41},"end":{"line":74,"column":41}}]},"10":{"line":87,"type":"if","locations":[{"start":{"line":75,"column":2},"end":{"line":75,"column":2}},{"start":{"line":75,"column":2},"end":{"line":75,"column":2}}]},"11":{"line":99,"type":"if","locations":[{"start":{"line":86,"column":4},"end":{"line":86,"column":4}},{"start":{"line":86,"column":4},"end":{"line":86,"column":4}}]},"12":{"line":113,"type":"if","locations":[{"start":{"line":100,"column":2},"end":{"line":100,"column":2}},{"start":{"line":100,"column":2},"end":{"line":100,"column":2}}]}}}}