{"/home/azazdeaz/repos/react-gsap-enhancer/src/createTarget.js":{"path":"/home/azazdeaz/repos/react-gsap-enhancer/src/createTarget.js","s":{"1":1,"2":1,"3":0,"4":0,"5":0,"6":0,"7":0,"8":0,"9":1,"10":1,"11":14,"12":14,"13":15,"14":15,"15":56,"16":12,"17":15,"18":12,"19":14,"20":1,"21":8,"22":8,"23":8,"24":35,"25":17,"26":8,"27":1,"28":11,"29":11,"30":12,"31":12,"32":27,"33":9,"34":12,"35":9,"36":11,"37":1,"38":8,"39":8,"40":8,"41":21,"42":12,"43":8,"44":1,"45":6,"46":9,"47":6,"48":1,"49":139,"50":1,"51":96,"52":96,"53":26,"54":96,"55":96,"56":93,"57":1,"58":134,"59":139,"60":139,"61":1,"62":114,"63":91,"64":91,"65":1,"66":72,"67":31,"68":72,"69":81,"70":81,"71":72,"72":14,"73":72,"74":8,"75":72,"76":11,"77":72,"78":8,"79":72,"80":6,"81":72,"82":1},"b":{"1":[1,0],"2":[0,0],"3":[12,44],"4":[56,21],"5":[12,3],"6":[17,18],"7":[9,18],"8":[27,19],"9":[9,3],"10":[12,9],"11":[10,86],"12":[96,96],"13":[26,70],"14":[139,0],"15":[31,41]},"f":{"1":0,"2":14,"3":15,"4":56,"5":8,"6":8,"7":35,"8":11,"9":12,"10":27,"11":8,"12":8,"13":21,"14":6,"15":9,"16":139,"17":96,"18":93,"19":134,"20":139,"21":114,"22":91,"23":72,"24":81,"25":81,"26":14,"27":8,"28":11,"29":8,"30":6},"fnMap":{"1":{"name":"(anonymous_1)","line":7,"loc":{"start":{"line":0,"column":0},"end":{"line":0,"column":0}},"skip":true},"2":{"name":"find","line":10,"loc":{"start":{"line":1,"column":-15},"end":{"line":1,"column":20}}},"3":{"name":"(anonymous_3)","line":13,"loc":{"start":{"line":4,"column":20},"end":{"line":4,"column":28}}},"4":{"name":"(anonymous_4)","line":16,"loc":{"start":{"line":7,"column":26},"end":{"line":7,"column":46}}},"5":{"name":"findAll","line":30,"loc":{"start":{"line":21,"column":0},"end":{"line":21,"column":38}}},"6":{"name":"(anonymous_6)","line":33,"loc":{"start":{"line":24,"column":20},"end":{"line":24,"column":24}}},"7":{"name":"(anonymous_7)","line":34,"loc":{"start":{"line":24,"column":50},"end":{"line":24,"column":70}}},"8":{"name":"findInChildren","line":43,"loc":{"start":{"line":32,"column":0},"end":{"line":32,"column":45}}},"9":{"name":"(anonymous_9)","line":46,"loc":{"start":{"line":35,"column":20},"end":{"line":35,"column":28}}},"10":{"name":"(anonymous_10)","line":48,"loc":{"start":{"line":37,"column":26},"end":{"line":37,"column":46}}},"11":{"name":"findAllInChildren","line":62,"loc":{"start":{"line":51,"column":0},"end":{"line":51,"column":48}}},"12":{"name":"(anonymous_12)","line":65,"loc":{"start":{"line":54,"column":20},"end":{"line":54,"column":24}}},"13":{"name":"(anonymous_13)","line":66,"loc":{"start":{"line":54,"column":50},"end":{"line":54,"column":70}}},"14":{"name":"findWithCommands","line":75,"loc":{"start":{"line":62,"column":0},"end":{"line":62,"column":44}}},"15":{"name":"(anonymous_15)","line":76,"loc":{"start":{"line":63,"column":19},"end":{"line":63,"column":30}}},"16":{"name":"isMounted","line":82,"loc":{"start":{"line":69,"column":0},"end":{"line":69,"column":25}}},"17":{"name":"testSelector","line":86,"loc":{"start":{"line":73,"column":0},"end":{"line":73,"column":53}}},"18":{"name":"(anonymous_18)","line":93,"loc":{"start":{"line":78,"column":37},"end":{"line":78,"column":52}}},"19":{"name":"iterateChildren","line":98,"loc":{"start":{"line":83,"column":0},"end":{"line":83,"column":41}}},"20":{"name":"(anonymous_20)","line":99,"loc":{"start":{"line":84,"column":24},"end":{"line":84,"column":44}}},"21":{"name":"recurseChildren","line":106,"loc":{"start":{"line":91,"column":0},"end":{"line":91,"column":41}}},"22":{"name":"(anonymous_22)","line":107,"loc":{"start":{"line":92,"column":24},"end":{"line":92,"column":44}}},"23":{"name":"createTarget","line":113,"loc":{"start":{"line":98,"column":15},"end":{"line":98,"column":48}}},"24":{"name":"(anonymous_24)","line":118,"loc":{"start":{"line":103,"column":31},"end":{"line":103,"column":35}}},"25":{"name":"(anonymous_25)","line":120,"loc":{"start":{"line":103,"column":57},"end":{"line":103,"column":61}}},"26":{"name":"(anonymous_26)","line":124,"loc":{"start":{"line":105,"column":16},"end":{"line":105,"column":24}}},"27":{"name":"(anonymous_27)","line":127,"loc":{"start":{"line":106,"column":19},"end":{"line":106,"column":27}}},"28":{"name":"(anonymous_28)","line":130,"loc":{"start":{"line":107,"column":26},"end":{"line":107,"column":34}}},"29":{"name":"(anonymous_29)","line":133,"loc":{"start":{"line":108,"column":29},"end":{"line":108,"column":37}}},"30":{"name":"(anonymous_30)","line":136,"loc":{"start":{"line":109,"column":28},"end":{"line":109,"column":35}}}},"statementMap":{"1":{"start":{"line":0,"column":0},"end":{"line":0,"column":0},"skip":true},"2":{"start":{"line":0,"column":0},"end":{"line":0,"column":0},"skip":true},"3":{"start":{"line":0,"column":0},"end":{"line":0,"column":0},"skip":true},"4":{"start":{"line":0,"column":0},"end":{"line":0,"column":0},"skip":true},"5":{"start":{"line":0,"column":0},"end":{"line":0,"column":0},"skip":true},"6":{"start":{"line":0,"column":0},"end":{"line":0,"column":0},"skip":true},"7":{"start":{"line":0,"column":0},"end":{"line":0,"column":0},"skip":true},"8":{"start":{"line":0,"column":0},"end":{"line":0,"column":0},"skip":true},"9":{"start":{"line":0,"column":0},"end":{"line":0,"column":0},"skip":true},"10":{"start":{"line":1,"column":-15},"end":{"line":19,"column":1}},"11":{"start":{"line":2,"column":2},"end":{"line":2,"column":19}},"12":{"start":{"line":4,"column":2},"end":{"line":16,"column":4}},"13":{"start":{"line":5,"column":4},"end":{"line":5,"column":13}},"14":{"start":{"line":7,"column":4},"end":{"line":11,"column":6}},"15":{"start":{"line":8,"column":6},"end":{"line":10,"column":7}},"16":{"start":{"line":9,"column":8},"end":{"line":9,"column":25}},"17":{"start":{"line":13,"column":4},"end":{"line":15,"column":5}},"18":{"start":{"line":14,"column":6},"end":{"line":14,"column":24}},"19":{"start":{"line":18,"column":2},"end":{"line":18,"column":29}},"20":{"start":{"line":21,"column":0},"end":{"line":30,"column":1}},"21":{"start":{"line":22,"column":2},"end":{"line":22,"column":19}},"22":{"start":{"line":24,"column":2},"end":{"line":28,"column":5}},"23":{"start":{"line":0,"column":0},"end":{"line":0,"column":0},"skip":true},"24":{"start":{"line":25,"column":4},"end":{"line":27,"column":5}},"25":{"start":{"line":26,"column":6},"end":{"line":26,"column":28}},"26":{"start":{"line":29,"column":2},"end":{"line":29,"column":29}},"27":{"start":{"line":32,"column":0},"end":{"line":49,"column":1}},"28":{"start":{"line":33,"column":2},"end":{"line":33,"column":19}},"29":{"start":{"line":35,"column":2},"end":{"line":46,"column":4}},"30":{"start":{"line":36,"column":4},"end":{"line":36,"column":13}},"31":{"start":{"line":37,"column":4},"end":{"line":41,"column":6}},"32":{"start":{"line":38,"column":6},"end":{"line":40,"column":7}},"33":{"start":{"line":39,"column":8},"end":{"line":39,"column":25}},"34":{"start":{"line":43,"column":4},"end":{"line":45,"column":5}},"35":{"start":{"line":44,"column":6},"end":{"line":44,"column":24}},"36":{"start":{"line":48,"column":2},"end":{"line":48,"column":29}},"37":{"start":{"line":51,"column":0},"end":{"line":60,"column":1}},"38":{"start":{"line":52,"column":2},"end":{"line":52,"column":19}},"39":{"start":{"line":54,"column":2},"end":{"line":58,"column":5}},"40":{"start":{"line":0,"column":0},"end":{"line":0,"column":0},"skip":true},"41":{"start":{"line":55,"column":4},"end":{"line":57,"column":5}},"42":{"start":{"line":56,"column":6},"end":{"line":56,"column":28}},"43":{"start":{"line":59,"column":2},"end":{"line":59,"column":29}},"44":{"start":{"line":62,"column":0},"end":{"line":67,"column":1}},"45":{"start":{"line":63,"column":2},"end":{"line":65,"column":4}},"46":{"start":{"line":64,"column":4},"end":{"line":64,"column":51}},"47":{"start":{"line":66,"column":2},"end":{"line":66,"column":15}},"48":{"start":{"line":69,"column":0},"end":{"line":71,"column":1}},"49":{"start":{"line":70,"column":2},"end":{"line":70,"column":20}},"50":{"start":{"line":73,"column":0},"end":{"line":81,"column":1}},"51":{"start":{"line":0,"column":0},"end":{"line":0,"column":0},"skip":true},"52":{"start":{"line":74,"column":2},"end":{"line":76,"column":3}},"53":{"start":{"line":75,"column":4},"end":{"line":75,"column":30}},"54":{"start":{"line":77,"column":2},"end":{"line":77,"column":51}},"55":{"start":{"line":78,"column":2},"end":{"line":80,"column":4}},"56":{"start":{"line":79,"column":4},"end":{"line":79,"column":55}},"57":{"start":{"line":83,"column":0},"end":{"line":89,"column":1}},"58":{"start":{"line":84,"column":2},"end":{"line":88,"column":4}},"59":{"start":{"line":85,"column":4},"end":{"line":87,"column":5}},"60":{"start":{"line":86,"column":6},"end":{"line":86,"column":30}},"61":{"start":{"line":91,"column":0},"end":{"line":96,"column":1}},"62":{"start":{"line":92,"column":2},"end":{"line":95,"column":4}},"63":{"start":{"line":93,"column":4},"end":{"line":93,"column":28}},"64":{"start":{"line":94,"column":4},"end":{"line":94,"column":40}},"65":{"start":{"line":98,"column":15},"end":{"line":112,"column":1}},"66":{"start":{"line":99,"column":2},"end":{"line":101,"column":3}},"67":{"start":{"line":100,"column":4},"end":{"line":100,"column":39}},"68":{"start":{"line":103,"column":2},"end":{"line":103,"column":72}},"69":{"start":{"line":0,"column":0},"end":{"line":0,"column":0},"skip":true},"70":{"start":{"line":0,"column":0},"end":{"line":0,"column":0},"skip":true},"71":{"start":{"line":105,"column":2},"end":{"line":105,"column":53}},"72":{"start":{"line":0,"column":0},"end":{"line":0,"column":0},"skip":true},"73":{"start":{"line":106,"column":2},"end":{"line":106,"column":59}},"74":{"start":{"line":0,"column":0},"end":{"line":0,"column":0},"skip":true},"75":{"start":{"line":107,"column":2},"end":{"line":107,"column":73}},"76":{"start":{"line":0,"column":0},"end":{"line":0,"column":0},"skip":true},"77":{"start":{"line":108,"column":2},"end":{"line":108,"column":79}},"78":{"start":{"line":0,"column":0},"end":{"line":0,"column":0},"skip":true},"79":{"start":{"line":109,"column":2},"end":{"line":109,"column":72}},"80":{"start":{"line":0,"column":0},"end":{"line":0,"column":0},"skip":true},"81":{"start":{"line":111,"column":2},"end":{"line":111,"column":15}},"82":{"start":{"line":0,"column":0},"end":{"line":0,"column":0},"skip":true}},"branchMap":{"1":{"line":7,"type":"binary-expr","locations":[{"start":{"line":0,"column":0},"end":{"line":0,"column":0},"skip":true},{"start":{"line":0,"column":0},"end":{"line":0,"column":0},"skip":true}]},"2":{"line":7,"type":"if","locations":[{"start":{"line":0,"column":0},"end":{"line":0,"column":0},"skip":true},{"start":{"line":0,"column":0},"end":{"line":0,"column":0},"skip":true}]},"3":{"line":17,"type":"if","locations":[{"start":{"line":8,"column":6},"end":{"line":8,"column":6}},{"start":{"line":8,"column":6},"end":{"line":8,"column":6}}]},"4":{"line":17,"type":"binary-expr","locations":[{"start":{"line":8,"column":10},"end":{"line":8,"column":16}},{"start":{"line":8,"column":20},"end":{"line":8,"column":58}}]},"5":{"line":22,"type":"if","locations":[{"start":{"line":13,"column":4},"end":{"line":13,"column":4}},{"start":{"line":13,"column":4},"end":{"line":13,"column":4}}]},"6":{"line":35,"type":"if","locations":[{"start":{"line":25,"column":4},"end":{"line":25,"column":4}},{"start":{"line":25,"column":4},"end":{"line":25,"column":4}}]},"7":{"line":49,"type":"if","locations":[{"start":{"line":38,"column":6},"end":{"line":38,"column":6}},{"start":{"line":38,"column":6},"end":{"line":38,"column":6}}]},"8":{"line":49,"type":"binary-expr","locations":[{"start":{"line":38,"column":10},"end":{"line":38,"column":16}},{"start":{"line":38,"column":20},"end":{"line":38,"column":58}}]},"9":{"line":54,"type":"if","locations":[{"start":{"line":43,"column":4},"end":{"line":43,"column":4}},{"start":{"line":43,"column":4},"end":{"line":43,"column":4}}]},"10":{"line":67,"type":"if","locations":[{"start":{"line":55,"column":4},"end":{"line":55,"column":4}},{"start":{"line":55,"column":4},"end":{"line":55,"column":4}}]},"11":{"line":87,"type":"cond-expr","locations":[{"start":{"line":73,"column":49},"end":{"line":73,"column":51}},{"start":{"line":73,"column":51},"end":{"line":73,"column":51}}]},"12":{"line":87,"type":"binary-expr","locations":[{"start":{"line":73,"column":46},"end":{"line":73,"column":46}},{"start":{"line":73,"column":46},"end":{"line":73,"column":46}}]},"13":{"line":89,"type":"if","locations":[{"start":{"line":74,"column":2},"end":{"line":74,"column":2}},{"start":{"line":74,"column":2},"end":{"line":74,"column":2}}]},"14":{"line":100,"type":"if","locations":[{"start":{"line":85,"column":4},"end":{"line":85,"column":4}},{"start":{"line":85,"column":4},"end":{"line":85,"column":4}}]},"15":{"line":114,"type":"if","locations":[{"start":{"line":99,"column":2},"end":{"line":99,"column":2}},{"start":{"line":99,"column":2},"end":{"line":99,"column":2}}]}}},"/home/azazdeaz/repos/react-gsap-enhancer/src/attachRefs.js":{"path":"/home/azazdeaz/repos/react-gsap-enhancer/src/attachRefs.js","s":{"1":1,"2":1,"3":1,"4":1,"5":1,"6":1,"7":1,"8":3,"9":1,"10":15,"11":15,"12":15,"13":15,"14":5,"15":15,"16":1,"17":14,"18":14,"19":1,"20":13,"21":14,"22":13,"23":3,"24":3,"25":3,"26":3,"27":2,"28":14,"29":14,"30":1,"31":13,"32":5,"33":1,"34":6,"35":5,"36":1,"37":14,"38":1},"b":{"1":[0,1],"2":[1,1],"3":[11,4],"4":[15,5],"5":[5,10],"6":[1,14],"7":[1,13],"8":[13,1],"9":[2,1],"10":[1,13],"11":[5,1]},"f":{"1":1,"2":3,"3":15,"4":3,"5":5,"6":6},"fnMap":{"1":{"name":"_interopRequireDefault","line":8,"loc":{"start":{"line":0,"column":0},"end":{"line":0,"column":0}},"skip":true},"2":{"name":"(anonymous_2)","line":14,"loc":{"start":{"line":3,"column":20},"end":{"line":3,"column":20}}},"3":{"name":"attachRefs","line":18,"loc":{"start":{"line":5,"column":15},"end":{"line":5,"column":62}}},"4":{"name":"(anonymous_4)","line":41,"loc":{"start":{"line":28,"column":15},"end":{"line":28,"column":30}}},"5":{"name":"(anonymous_5)","line":56,"loc":{"start":{"line":44,"column":52},"end":{"line":44,"column":73}}},"6":{"name":"cloneChild","line":61,"loc":{"start":{"line":49,"column":2},"end":{"line":49,"column":39}}}},"statementMap":{"1":{"start":{"line":0,"column":0},"end":{"line":0,"column":0},"skip":true},"2":{"start":{"line":0,"column":0},"end":{"line":0,"column":0},"skip":true},"3":{"start":{"line":0,"column":0},"end":{"line":0,"column":0},"skip":true},"4":{"start":{"line":0,"column":0},"end":{"line":0,"column":0},"skip":true},"5":{"start":{"line":0,"column":0},"end":{"line":0,"column":0},"skip":true},"6":{"start":{"line":0,"column":0},"end":{"line":0,"column":0},"skip":true},"7":{"start":{"line":3,"column":0},"end":{"line":3,"column":30}},"8":{"start":{"line":0,"column":0},"end":{"line":0,"column":0},"skip":true},"9":{"start":{"line":5,"column":15},"end":{"line":59,"column":1}},"10":{"start":{"line":0,"column":0},"end":{"line":0,"column":0},"skip":true},"11":{"start":{"line":0,"column":0},"end":{"line":0,"column":0},"skip":true},"12":{"start":{"line":0,"column":0},"end":{"line":0,"column":0},"skip":true},"13":{"start":{"line":7,"column":2},"end":{"line":9,"column":3}},"14":{"start":{"line":8,"column":4},"end":{"line":8,"column":13}},"15":{"start":{"line":11,"column":2},"end":{"line":15,"column":3}},"16":{"start":{"line":12,"column":4},"end":{"line":14,"column":103}},"17":{"start":{"line":17,"column":2},"end":{"line":17,"column":10}},"18":{"start":{"line":18,"column":2},"end":{"line":25,"column":3}},"19":{"start":{"line":19,"column":4},"end":{"line":19,"column":27}},"20":{"start":{"line":22,"column":4},"end":{"line":24,"column":15}},"21":{"start":{"line":27,"column":2},"end":{"line":37,"column":3}},"22":{"start":{"line":28,"column":4},"end":{"line":36,"column":5}},"23":{"start":{"line":29,"column":6},"end":{"line":29,"column":45}},"24":{"start":{"line":30,"column":6},"end":{"line":30,"column":32}},"25":{"start":{"line":31,"column":6},"end":{"line":31,"column":22}},"26":{"start":{"line":33,"column":6},"end":{"line":35,"column":7}},"27":{"start":{"line":34,"column":8},"end":{"line":34,"column":30}},"28":{"start":{"line":39,"column":2},"end":{"line":39,"column":14}},"29":{"start":{"line":40,"column":2},"end":{"line":47,"column":3}},"30":{"start":{"line":41,"column":4},"end":{"line":41,"column":49}},"31":{"start":{"line":44,"column":4},"end":{"line":46,"column":6}},"32":{"start":{"line":45,"column":6},"end":{"line":45,"column":40}},"33":{"start":{"line":49,"column":2},"end":{"line":56,"column":3}},"34":{"start":{"line":50,"column":4},"end":{"line":55,"column":5}},"35":{"start":{"line":51,"column":6},"end":{"line":51,"column":55}},"36":{"start":{"line":54,"column":6},"end":{"line":54,"column":18}},"37":{"start":{"line":58,"column":2},"end":{"line":58,"column":63}},"38":{"start":{"line":0,"column":0},"end":{"line":0,"column":0},"skip":true}},"branchMap":{"1":{"line":8,"type":"cond-expr","locations":[{"start":{"line":0,"column":0},"end":{"line":0,"column":0},"skip":true},{"start":{"line":0,"column":0},"end":{"line":0,"column":0},"skip":true}]},"2":{"line":8,"type":"binary-expr","locations":[{"start":{"line":0,"column":0},"end":{"line":0,"column":0},"skip":true},{"start":{"line":0,"column":0},"end":{"line":0,"column":0},"skip":true}]},"3":{"line":19,"type":"cond-expr","locations":[{"start":{"line":5,"column":59},"end":{"line":5,"column":60}},{"start":{"line":5,"column":60},"end":{"line":5,"column":60}}]},"4":{"line":19,"type":"binary-expr","locations":[{"start":{"line":5,"column":56},"end":{"line":5,"column":56}},{"start":{"line":5,"column":56},"end":{"line":5,"column":56}}]},"5":{"line":23,"type":"if","locations":[{"start":{"line":7,"column":2},"end":{"line":7,"column":2}},{"start":{"line":7,"column":2},"end":{"line":7,"column":2}}]},"6":{"line":27,"type":"if","locations":[{"start":{"line":11,"column":2},"end":{"line":11,"column":2}},{"start":{"line":11,"column":2},"end":{"line":11,"column":2}}]},"7":{"line":32,"type":"if","locations":[{"start":{"line":18,"column":2},"end":{"line":18,"column":2}},{"start":{"line":18,"column":2},"end":{"line":18,"column":2}}]},"8":{"line":40,"type":"if","locations":[{"start":{"line":27,"column":2},"end":{"line":27,"column":2}},{"start":{"line":27,"column":2},"end":{"line":27,"column":2}}]},"9":{"line":46,"type":"if","locations":[{"start":{"line":33,"column":6},"end":{"line":33,"column":6}},{"start":{"line":33,"column":6},"end":{"line":33,"column":6}}]},"10":{"line":53,"type":"if","locations":[{"start":{"line":40,"column":2},"end":{"line":40,"column":2}},{"start":{"line":40,"column":2},"end":{"line":40,"column":2}}]},"11":{"line":62,"type":"if","locations":[{"start":{"line":50,"column":4},"end":{"line":50,"column":4}},{"start":{"line":50,"column":4},"end":{"line":50,"column":4}}]}}},"/home/azazdeaz/repos/react-gsap-enhancer/src/Animation.js":{"path":"/home/azazdeaz/repos/react-gsap-enhancer/src/Animation.js","s":{"1":1,"2":1,"3":1,"4":1,"5":2,"6":2,"7":2,"8":2,"9":2,"10":2,"11":1,"12":1,"13":1,"14":1,"15":0,"16":1,"17":1,"18":1,"19":1,"20":0,"21":1,"22":0,"23":1,"24":10,"25":0,"26":1,"27":1,"28":10,"29":10,"30":10,"31":10,"32":10,"33":10,"34":1,"35":3,"36":2,"37":2,"38":2,"39":2,"40":1,"41":9,"42":9,"43":1,"44":1,"45":1,"46":1,"47":1,"48":8,"49":9,"50":1,"51":1,"52":1,"53":1,"54":1,"55":1,"56":1,"57":1,"58":1,"59":80,"60":4,"61":0,"62":4,"63":2,"64":2,"65":1,"66":1,"67":1,"68":3,"69":1,"70":1},"b":{"1":[2,2],"2":[2,0],"3":[1,0],"4":[0,1],"5":[1,0],"6":[0,10],"7":[2,1],"8":[1,8],"9":[1,0],"10":[2,2],"11":[1,1]},"f":{"1":1,"2":1,"3":1,"4":1,"5":10,"6":1,"7":10,"8":3,"9":9,"10":1,"11":1,"12":80,"13":4},"fnMap":{"1":{"name":"(anonymous_1)","line":7,"loc":{"start":{"line":0,"column":0},"end":{"line":0,"column":0}},"skip":true},"2":{"name":"defineProperties","line":7,"loc":{"start":{"line":0,"column":0},"end":{"line":0,"column":0}},"skip":true},"3":{"name":"(anonymous_3)","line":7,"loc":{"start":{"line":0,"column":0},"end":{"line":0,"column":0}},"skip":true},"4":{"name":"_toConsumableArray","line":9,"loc":{"start":{"line":0,"column":0},"end":{"line":0,"column":0}},"skip":true},"5":{"name":"_classCallCheck","line":11,"loc":{"start":{"line":0,"column":0},"end":{"line":0,"column":0}},"skip":true},"6":{"name":"(anonymous_6)","line":13,"loc":{"start":{"line":1,"column":15},"end":{"line":1,"column":15}}},"7":{"name":"Animation","line":14,"loc":{"start":{"line":2,"column":13},"end":{"line":2,"column":78}}},"8":{"name":"replaceAnimationSource","line":26,"loc":{"start":{"line":10,"column":24},"end":{"line":10,"column":42}}},"9":{"name":"attach","line":39,"loc":{"start":{"line":22,"column":8},"end":{"line":22,"column":11}}},"10":{"name":"(anonymous_10)","line":57,"loc":{"start":{"line":44,"column":15},"end":{"line":44,"column":30}}},"11":{"name":"bindAPI","line":70,"loc":{"start":{"line":49,"column":0},"end":{"line":49,"column":19}}},"12":{"name":"(anonymous_12)","line":74,"loc":{"start":{"line":53,"column":53},"end":{"line":53,"column":63}}},"13":{"name":"(anonymous_13)","line":75,"loc":{"start":{"line":54,"column":34},"end":{"line":54,"column":53}}}},"statementMap":{"1":{"start":{"line":0,"column":0},"end":{"line":0,"column":0},"skip":true},"2":{"start":{"line":0,"column":0},"end":{"line":0,"column":0},"skip":true},"3":{"start":{"line":0,"column":0},"end":{"line":0,"column":0},"skip":true},"4":{"start":{"line":0,"column":0},"end":{"line":0,"column":0},"skip":true},"5":{"start":{"line":0,"column":0},"end":{"line":0,"column":0},"skip":true},"6":{"start":{"line":0,"column":0},"end":{"line":0,"column":0},"skip":true},"7":{"start":{"line":0,"column":0},"end":{"line":0,"column":0},"skip":true},"8":{"start":{"line":0,"column":0},"end":{"line":0,"column":0},"skip":true},"9":{"start":{"line":0,"column":0},"end":{"line":0,"column":0},"skip":true},"10":{"start":{"line":0,"column":0},"end":{"line":0,"column":0},"skip":true},"11":{"start":{"line":0,"column":0},"end":{"line":0,"column":0},"skip":true},"12":{"start":{"line":0,"column":0},"end":{"line":0,"column":0},"skip":true},"13":{"start":{"line":0,"column":0},"end":{"line":0,"column":0},"skip":true},"14":{"start":{"line":0,"column":0},"end":{"line":0,"column":0},"skip":true},"15":{"start":{"line":0,"column":0},"end":{"line":0,"column":0},"skip":true},"16":{"start":{"line":0,"column":0},"end":{"line":0,"column":0},"skip":true},"17":{"start":{"line":0,"column":0},"end":{"line":0,"column":0},"skip":true},"18":{"start":{"line":0,"column":0},"end":{"line":0,"column":0},"skip":true},"19":{"start":{"line":0,"column":0},"end":{"line":0,"column":0},"skip":true},"20":{"start":{"line":0,"column":0},"end":{"line":0,"column":0},"skip":true},"21":{"start":{"line":0,"column":0},"end":{"line":0,"column":0},"skip":true},"22":{"start":{"line":0,"column":0},"end":{"line":0,"column":0},"skip":true},"23":{"start":{"line":0,"column":0},"end":{"line":0,"column":0},"skip":true},"24":{"start":{"line":0,"column":0},"end":{"line":0,"column":0},"skip":true},"25":{"start":{"line":0,"column":0},"end":{"line":0,"column":0},"skip":true},"26":{"start":{"line":0,"column":0},"end":{"line":0,"column":0},"skip":true},"27":{"start":{"line":2,"column":13},"end":{"line":8,"column":3}},"28":{"start":{"line":0,"column":0},"end":{"line":0,"column":0},"skip":true},"29":{"start":{"line":3,"column":4},"end":{"line":3,"column":43}},"30":{"start":{"line":4,"column":4},"end":{"line":4,"column":25}},"31":{"start":{"line":5,"column":4},"end":{"line":5,"column":27}},"32":{"start":{"line":6,"column":4},"end":{"line":6,"column":69}},"33":{"start":{"line":7,"column":4},"end":{"line":7,"column":39}},"34":{"start":{"line":0,"column":0},"end":{"line":0,"column":0},"skip":true},"35":{"start":{"line":11,"column":4},"end":{"line":19,"column":5}},"36":{"start":{"line":12,"column":6},"end":{"line":12,"column":32}},"37":{"start":{"line":13,"column":6},"end":{"line":13,"column":37}},"38":{"start":{"line":14,"column":6},"end":{"line":14,"column":45}},"39":{"start":{"line":15,"column":6},"end":{"line":15,"column":42}},"40":{"start":{"line":18,"column":6},"end":{"line":18,"column":45}},"41":{"start":{"line":0,"column":0},"end":{"line":0,"column":0},"skip":true},"42":{"start":{"line":23,"column":4},"end":{"line":40,"column":5}},"43":{"start":{"line":24,"column":6},"end":{"line":24,"column":43}},"44":{"start":{"line":25,"column":6},"end":{"line":25,"column":47}},"45":{"start":{"line":26,"column":6},"end":{"line":29,"column":19}},"46":{"start":{"line":31,"column":6},"end":{"line":33,"column":7}},"47":{"start":{"line":32,"column":8},"end":{"line":32,"column":35}},"48":{"start":{"line":36,"column":6},"end":{"line":39,"column":8}},"49":{"start":{"line":42,"column":4},"end":{"line":44,"column":57}},"50":{"start":{"line":0,"column":0},"end":{"line":0,"column":0},"skip":true},"51":{"start":{"line":0,"column":0},"end":{"line":0,"column":0},"skip":true},"52":{"start":{"line":0,"column":0},"end":{"line":0,"column":0},"skip":true},"53":{"start":{"line":0,"column":0},"end":{"line":0,"column":0},"skip":true},"54":{"start":{"line":0,"column":0},"end":{"line":0,"column":0},"skip":true},"55":{"start":{"line":49,"column":0},"end":{"line":68,"column":1}},"56":{"start":{"line":50,"column":2},"end":{"line":50,"column":324}},"57":{"start":{"line":51,"column":2},"end":{"line":51,"column":692}},"58":{"start":{"line":53,"column":2},"end":{"line":67,"column":4}},"59":{"start":{"line":54,"column":4},"end":{"line":66,"column":5}},"60":{"start":{"line":0,"column":0},"end":{"line":0,"column":0},"skip":true},"61":{"start":{"line":54,"column":47},"end":{"line":54,"column":51}},"62":{"start":{"line":56,"column":6},"end":{"line":64,"column":7}},"63":{"start":{"line":57,"column":8},"end":{"line":57,"column":59}},"64":{"start":{"line":59,"column":11},"end":{"line":64,"column":7}},"65":{"start":{"line":0,"column":0},"end":{"line":0,"column":0},"skip":true},"66":{"start":{"line":60,"column":8},"end":{"line":60,"column":44}},"67":{"start":{"line":63,"column":8},"end":{"line":63,"column":66}},"68":{"start":{"line":65,"column":6},"end":{"line":65,"column":17}},"69":{"start":{"line":69,"column":0},"end":{"line":69,"column":9}},"70":{"start":{"line":0,"column":0},"end":{"line":0,"column":0},"skip":true}},"branchMap":{"1":{"line":7,"type":"binary-expr","locations":[{"start":{"line":0,"column":0},"end":{"line":0,"column":0},"skip":true},{"start":{"line":0,"column":0},"end":{"line":0,"column":0},"skip":true}]},"2":{"line":7,"type":"if","locations":[{"start":{"line":0,"column":0},"end":{"line":0,"column":0},"skip":true},{"start":{"line":0,"column":0},"end":{"line":0,"column":0},"skip":true}]},"3":{"line":7,"type":"if","locations":[{"start":{"line":0,"column":0},"end":{"line":0,"column":0},"skip":true},{"start":{"line":0,"column":0},"end":{"line":0,"column":0},"skip":true}]},"4":{"line":7,"type":"if","locations":[{"start":{"line":0,"column":0},"end":{"line":0,"column":0},"skip":true},{"start":{"line":0,"column":0},"end":{"line":0,"column":0},"skip":true}]},"5":{"line":9,"type":"if","locations":[{"start":{"line":0,"column":0},"end":{"line":0,"column":0},"skip":true},{"start":{"line":0,"column":0},"end":{"line":0,"column":0},"skip":true}]},"6":{"line":11,"type":"if","locations":[{"start":{"line":0,"column":0},"end":{"line":0,"column":0},"skip":true},{"start":{"line":0,"column":0},"end":{"line":0,"column":0},"skip":true}]},"7":{"line":27,"type":"if","locations":[{"start":{"line":11,"column":4},"end":{"line":11,"column":4}},{"start":{"line":11,"column":4},"end":{"line":11,"column":4}}]},"8":{"line":42,"type":"if","locations":[{"start":{"line":23,"column":4},"end":{"line":23,"column":4}},{"start":{"line":23,"column":4},"end":{"line":23,"column":4}}]},"9":{"line":47,"type":"if","locations":[{"start":{"line":31,"column":6},"end":{"line":31,"column":6}},{"start":{"line":31,"column":6},"end":{"line":31,"column":6}}]},"10":{"line":80,"type":"if","locations":[{"start":{"line":56,"column":6},"end":{"line":56,"column":6}},{"start":{"line":56,"column":6},"end":{"line":56,"column":6}}]},"11":{"line":82,"type":"if","locations":[{"start":{"line":59,"column":11},"end":{"line":59,"column":11}},{"start":{"line":59,"column":11},"end":{"line":59,"column":11}}]}}},"/home/azazdeaz/repos/react-gsap-enhancer/src/gsap-enhancer.js":{"path":"/home/azazdeaz/repos/react-gsap-enhancer/src/gsap-enhancer.js","s":{"1":1,"2":1,"3":1,"4":0,"5":0,"6":0,"7":0,"8":0,"9":0,"10":0,"11":1,"12":0,"13":0,"14":0,"15":0,"16":0,"17":1,"18":0,"19":0,"20":0,"21":0,"22":0,"23":0,"24":0,"25":0,"26":0,"27":0,"28":0,"29":0,"30":0,"31":0,"32":0,"33":0,"34":0,"35":0,"36":0,"37":0,"38":0,"39":0,"40":0,"41":0,"42":1,"43":3,"44":1,"45":0,"46":0,"47":1,"48":0,"49":0,"50":0,"51":0,"52":0,"53":1,"54":1,"55":1,"56":1,"57":1,"58":1,"59":1,"60":0,"61":0,"62":0,"63":1,"64":0,"65":0,"66":0,"67":0,"68":0,"69":0,"70":0,"71":0,"72":0,"73":0,"74":0,"75":0,"76":0,"77":0,"78":0,"79":0,"80":0,"81":0,"82":0,"83":0,"84":0,"85":0,"86":0,"87":0,"88":0,"89":0,"90":0,"91":0,"92":0,"93":0,"94":0,"95":0,"96":0,"97":0,"98":0,"99":0,"100":0,"101":0,"102":0,"103":0,"104":0,"105":0,"106":0,"107":0,"108":0,"109":1,"110":0,"111":0,"112":1,"113":0,"114":0,"115":1,"116":0,"117":0,"118":1,"119":0,"120":0,"121":0,"122":0,"123":1,"124":1,"125":0,"126":0,"127":0,"128":0,"129":0,"130":0,"131":1},"b":{"1":[0,0],"2":[0,0],"3":[0,0],"4":[0,0],"5":[0,0],"6":[0,0],"7":[0,0],"8":[0,0],"9":[0,0],"10":[0,3],"11":[3,3],"12":[0,0],"13":[0,0],"14":[0,0],"15":[0,0],"16":[0,0],"17":[0,0],"18":[0,0],"19":[0,0],"20":[0,0],"21":[0,0],"22":[0,0],"23":[0,0],"24":[0,0],"25":[0,0],"26":[0,0]},"f":{"1":1,"2":0,"3":0,"4":0,"5":3,"6":0,"7":0,"8":0,"9":0,"10":0,"11":0,"12":0,"13":0,"14":0,"15":0,"16":0,"17":0,"18":0,"19":0,"20":0,"21":0,"22":0,"23":0,"24":0,"25":0,"26":0,"27":0,"28":0},"fnMap":{"1":{"name":"(anonymous_1)","line":7,"loc":{"start":{"line":0,"column":0},"end":{"line":0,"column":0}},"skip":true},"2":{"name":"defineProperties","line":7,"loc":{"start":{"line":0,"column":0},"end":{"line":0,"column":0}},"skip":true},"3":{"name":"(anonymous_3)","line":7,"loc":{"start":{"line":0,"column":0},"end":{"line":0,"column":0}},"skip":true},"4":{"name":"get","line":9,"loc":{"start":{"line":0,"column":0},"end":{"line":0,"column":0}},"skip":true},"5":{"name":"_interopRequireDefault","line":11,"loc":{"start":{"line":0,"column":0},"end":{"line":0,"column":0}},"skip":true},"6":{"name":"_classCallCheck","line":13,"loc":{"start":{"line":0,"column":0},"end":{"line":0,"column":0}},"skip":true},"7":{"name":"_inherits","line":15,"loc":{"start":{"line":0,"column":0},"end":{"line":0,"column":0}},"skip":true},"8":{"name":"(anonymous_8)","line":29,"loc":{"start":{"line":5,"column":15},"end":{"line":5,"column":45}}},"9":{"name":"enhance","line":31,"loc":{"start":{"line":7,"column":9},"end":{"line":7,"column":46}}},"10":{"name":"(anonymous_10)","line":32,"loc":{"start":{"line":8,"column":22},"end":{"line":8,"column":22}}},"11":{"name":"GSAPEnhancer","line":35,"loc":{"start":{"line":9,"column":17},"end":{"line":9,"column":25}}},"12":{"name":"(anonymous_12)","line":42,"loc":{"start":{"line":16,"column":21},"end":{"line":16,"column":55}}},"13":{"name":"removeAnimation","line":82,"loc":{"start":{"line":37,"column":21},"end":{"line":37,"column":33}}},"14":{"name":"componentDidMount","line":90,"loc":{"start":{"line":44,"column":23},"end":{"line":44,"column":33}}},"15":{"name":"componentWillUpdate","line":103,"loc":{"start":{"line":52,"column":25},"end":{"line":52,"column":35}}},"16":{"name":"render","line":116,"loc":{"start":{"line":60,"column":12},"end":{"line":60,"column":22}}},"17":{"name":"componentDidUpdate","line":125,"loc":{"start":{"line":64,"column":24},"end":{"line":64,"column":34}}},"18":{"name":"(anonymous_18)","line":146,"loc":{"start":{"line":96,"column":53},"end":{"line":96,"column":60}}},"19":{"name":"reattachAll","line":161,"loc":{"start":{"line":112,"column":0},"end":{"line":112,"column":23}}},"20":{"name":"attachAll","line":166,"loc":{"start":{"line":117,"column":0},"end":{"line":117,"column":21}}},"21":{"name":"(anonymous_21)","line":167,"loc":{"start":{"line":118,"column":35},"end":{"line":118,"column":44}}},"22":{"name":"restoreRenderedStyles","line":172,"loc":{"start":{"line":121,"column":0},"end":{"line":121,"column":33}}},"23":{"name":"(anonymous_23)","line":173,"loc":{"start":{"line":122,"column":26},"end":{"line":122,"column":34}}},"24":{"name":"saveRenderedStyles","line":178,"loc":{"start":{"line":127,"column":0},"end":{"line":127,"column":30}}},"25":{"name":"(anonymous_25)","line":179,"loc":{"start":{"line":128,"column":26},"end":{"line":128,"column":34}}},"26":{"name":"walkItemTree","line":186,"loc":{"start":{"line":135,"column":0},"end":{"line":135,"column":32}}},"27":{"name":"walk","line":187,"loc":{"start":{"line":136,"column":2},"end":{"line":136,"column":21}}},"28":{"name":"(anonymous_28)","line":188,"loc":{"start":{"line":137,"column":16},"end":{"line":137,"column":24}}}},"statementMap":{"1":{"start":{"line":0,"column":0},"end":{"line":0,"column":0},"skip":true},"2":{"start":{"line":0,"column":0},"end":{"line":0,"column":0},"skip":true},"3":{"start":{"line":0,"column":0},"end":{"line":0,"column":0},"skip":true},"4":{"start":{"line":0,"column":0},"end":{"line":0,"column":0},"skip":true},"5":{"start":{"line":0,"column":0},"end":{"line":0,"column":0},"skip":true},"6":{"start":{"line":0,"column":0},"end":{"line":0,"column":0},"skip":true},"7":{"start":{"line":0,"column":0},"end":{"line":0,"column":0},"skip":true},"8":{"start":{"line":0,"column":0},"end":{"line":0,"column":0},"skip":true},"9":{"start":{"line":0,"column":0},"end":{"line":0,"column":0},"skip":true},"10":{"start":{"line":0,"column":0},"end":{"line":0,"column":0},"skip":true},"11":{"start":{"line":0,"column":0},"end":{"line":0,"column":0},"skip":true},"12":{"start":{"line":0,"column":0},"end":{"line":0,"column":0},"skip":true},"13":{"start":{"line":0,"column":0},"end":{"line":0,"column":0},"skip":true},"14":{"start":{"line":0,"column":0},"end":{"line":0,"column":0},"skip":true},"15":{"start":{"line":0,"column":0},"end":{"line":0,"column":0},"skip":true},"16":{"start":{"line":0,"column":0},"end":{"line":0,"column":0},"skip":true},"17":{"start":{"line":0,"column":0},"end":{"line":0,"column":0},"skip":true},"18":{"start":{"line":0,"column":0},"end":{"line":0,"column":0},"skip":true},"19":{"start":{"line":0,"column":0},"end":{"line":0,"column":0},"skip":true},"20":{"start":{"line":0,"column":0},"end":{"line":0,"column":0},"skip":true},"21":{"start":{"line":0,"column":0},"end":{"line":0,"column":0},"skip":true},"22":{"start":{"line":0,"column":0},"end":{"line":0,"column":0},"skip":true},"23":{"start":{"line":0,"column":0},"end":{"line":0,"column":0},"skip":true},"24":{"start":{"line":0,"column":0},"end":{"line":0,"column":0},"skip":true},"25":{"start":{"line":0,"column":0},"end":{"line":0,"column":0},"skip":true},"26":{"start":{"line":0,"column":0},"end":{"line":0,"column":0},"skip":true},"27":{"start":{"line":0,"column":0},"end":{"line":0,"column":0},"skip":true},"28":{"start":{"line":0,"column":0},"end":{"line":0,"column":0},"skip":true},"29":{"start":{"line":0,"column":0},"end":{"line":0,"column":0},"skip":true},"30":{"start":{"line":0,"column":0},"end":{"line":0,"column":0},"skip":true},"31":{"start":{"line":0,"column":0},"end":{"line":0,"column":0},"skip":true},"32":{"start":{"line":0,"column":0},"end":{"line":0,"column":0},"skip":true},"33":{"start":{"line":0,"column":0},"end":{"line":0,"column":0},"skip":true},"34":{"start":{"line":0,"column":0},"end":{"line":0,"column":0},"skip":true},"35":{"start":{"line":0,"column":0},"end":{"line":0,"column":0},"skip":true},"36":{"start":{"line":0,"column":0},"end":{"line":0,"column":0},"skip":true},"37":{"start":{"line":0,"column":0},"end":{"line":0,"column":0},"skip":true},"38":{"start":{"line":0,"column":0},"end":{"line":0,"column":0},"skip":true},"39":{"start":{"line":0,"column":0},"end":{"line":0,"column":0},"skip":true},"40":{"start":{"line":0,"column":0},"end":{"line":0,"column":0},"skip":true},"41":{"start":{"line":0,"column":0},"end":{"line":0,"column":0},"skip":true},"42":{"start":{"line":0,"column":0},"end":{"line":0,"column":0},"skip":true},"43":{"start":{"line":0,"column":0},"end":{"line":0,"column":0},"skip":true},"44":{"start":{"line":0,"column":0},"end":{"line":0,"column":0},"skip":true},"45":{"start":{"line":0,"column":0},"end":{"line":0,"column":0},"skip":true},"46":{"start":{"line":0,"column":0},"end":{"line":0,"column":0},"skip":true},"47":{"start":{"line":0,"column":0},"end":{"line":0,"column":0},"skip":true},"48":{"start":{"line":0,"column":0},"end":{"line":0,"column":0},"skip":true},"49":{"start":{"line":0,"column":0},"end":{"line":0,"column":0},"skip":true},"50":{"start":{"line":0,"column":0},"end":{"line":0,"column":0},"skip":true},"51":{"start":{"line":0,"column":0},"end":{"line":0,"column":0},"skip":true},"52":{"start":{"line":0,"column":0},"end":{"line":0,"column":0},"skip":true},"53":{"start":{"line":0,"column":0},"end":{"line":0,"column":0},"skip":true},"54":{"start":{"line":0,"column":0},"end":{"line":0,"column":0},"skip":true},"55":{"start":{"line":0,"column":0},"end":{"line":0,"column":0},"skip":true},"56":{"start":{"line":0,"column":0},"end":{"line":0,"column":0},"skip":true},"57":{"start":{"line":0,"column":0},"end":{"line":0,"column":0},"skip":true},"58":{"start":{"line":0,"column":0},"end":{"line":0,"column":0},"skip":true},"59":{"start":{"line":0,"column":0},"end":{"line":0,"column":0},"skip":true},"60":{"start":{"line":7,"column":2},"end":{"line":105,"column":3}},"61":{"start":{"line":0,"column":0},"end":{"line":0,"column":0},"skip":true},"62":{"start":{"line":0,"column":0},"end":{"line":0,"column":0},"skip":true},"63":{"start":{"line":9,"column":17},"end":{"line":14,"column":7}},"64":{"start":{"line":0,"column":0},"end":{"line":0,"column":0},"skip":true},"65":{"start":{"line":0,"column":0},"end":{"line":0,"column":0},"skip":true},"66":{"start":{"line":10,"column":8},"end":{"line":10,"column":20}},"67":{"start":{"line":0,"column":0},"end":{"line":0,"column":0},"skip":true},"68":{"start":{"line":18,"column":8},"end":{"line":18,"column":51}},"69":{"start":{"line":19,"column":8},"end":{"line":21,"column":9}},"70":{"start":{"line":20,"column":10},"end":{"line":20,"column":62}},"71":{"start":{"line":23,"column":8},"end":{"line":23,"column":59}},"72":{"start":{"line":24,"column":8},"end":{"line":29,"column":9}},"73":{"start":{"line":30,"column":8},"end":{"line":30,"column":47}},"74":{"start":{"line":32,"column":8},"end":{"line":32,"column":26}},"75":{"start":{"line":34,"column":8},"end":{"line":34,"column":24}},"76":{"start":{"line":11,"column":8},"end":{"line":11,"column":35}},"77":{"start":{"line":12,"column":8},"end":{"line":12,"column":44}},"78":{"start":{"line":13,"column":8},"end":{"line":13,"column":54}},"79":{"start":{"line":0,"column":0},"end":{"line":0,"column":0},"skip":true},"80":{"start":{"line":38,"column":8},"end":{"line":38,"column":24}},"81":{"start":{"line":39,"column":8},"end":{"line":39,"column":50}},"82":{"start":{"line":41,"column":8},"end":{"line":41,"column":26}},"83":{"start":{"line":45,"column":8},"end":{"line":45,"column":37}},"84":{"start":{"line":47,"column":8},"end":{"line":49,"column":9}},"85":{"start":{"line":0,"column":0},"end":{"line":0,"column":0},"skip":true},"86":{"start":{"line":44,"column":27},"end":{"line":44,"column":31}},"87":{"start":{"line":48,"column":10},"end":{"line":48,"column":42}},"88":{"start":{"line":53,"column":8},"end":{"line":53,"column":40}},"89":{"start":{"line":55,"column":8},"end":{"line":57,"column":9}},"90":{"start":{"line":0,"column":0},"end":{"line":0,"column":0},"skip":true},"91":{"start":{"line":52,"column":29},"end":{"line":52,"column":33}},"92":{"start":{"line":56,"column":10},"end":{"line":56,"column":44}},"93":{"start":{"line":0,"column":0},"end":{"line":0,"column":0},"skip":true},"94":{"start":{"line":60,"column":16},"end":{"line":60,"column":20}},"95":{"start":{"line":61,"column":8},"end":{"line":61,"column":65}},"96":{"start":{"line":65,"column":8},"end":{"line":65,"column":37}},"97":{"start":{"line":66,"column":8},"end":{"line":66,"column":28}},"98":{"start":{"line":68,"column":8},"end":{"line":70,"column":9}},"99":{"start":{"line":0,"column":0},"end":{"line":0,"column":0},"skip":true},"100":{"start":{"line":64,"column":28},"end":{"line":64,"column":32}},"101":{"start":{"line":69,"column":10},"end":{"line":69,"column":43}},"102":{"start":{"line":0,"column":0},"end":{"line":0,"column":0},"skip":true},"103":{"start":{"line":92,"column":4},"end":{"line":102,"column":3}},"104":{"start":{"line":96,"column":4},"end":{"line":101,"column":6}},"105":{"start":{"line":97,"column":6},"end":{"line":100,"column":7}},"106":{"start":{"line":98,"column":8},"end":{"line":98,"column":90}},"107":{"start":{"line":99,"column":8},"end":{"line":99,"column":70}},"108":{"start":{"line":104,"column":4},"end":{"line":104,"column":23}},"109":{"start":{"line":112,"column":0},"end":{"line":115,"column":1}},"110":{"start":{"line":113,"column":2},"end":{"line":113,"column":34}},"111":{"start":{"line":114,"column":2},"end":{"line":114,"column":22}},"112":{"start":{"line":117,"column":0},"end":{"line":119,"column":1}},"113":{"start":{"line":118,"column":2},"end":{"line":118,"column":67}},"114":{"start":{"line":0,"column":0},"end":{"line":0,"column":0},"skip":true},"115":{"start":{"line":121,"column":0},"end":{"line":125,"column":1}},"116":{"start":{"line":122,"column":2},"end":{"line":124,"column":4}},"117":{"start":{"line":123,"column":4},"end":{"line":123,"column":52}},"118":{"start":{"line":127,"column":0},"end":{"line":133,"column":1}},"119":{"start":{"line":128,"column":2},"end":{"line":132,"column":4}},"120":{"start":{"line":129,"column":4},"end":{"line":129,"column":53}},"121":{"start":{"line":130,"column":4},"end":{"line":130,"column":33}},"122":{"start":{"line":131,"column":4},"end":{"line":131,"column":31}},"123":{"start":{"line":135,"column":0},"end":{"line":147,"column":1}},"124":{"start":{"line":136,"column":2},"end":{"line":145,"column":3}},"125":{"start":{"line":137,"column":4},"end":{"line":144,"column":6}},"126":{"start":{"line":138,"column":6},"end":{"line":143,"column":7}},"127":{"start":{"line":139,"column":8},"end":{"line":139,"column":22}},"128":{"start":{"line":140,"column":8},"end":{"line":142,"column":9}},"129":{"start":{"line":141,"column":10},"end":{"line":141,"column":29}},"130":{"start":{"line":146,"column":2},"end":{"line":146,"column":23}},"131":{"start":{"line":0,"column":0},"end":{"line":0,"column":0},"skip":true}},"branchMap":{"1":{"line":7,"type":"binary-expr","locations":[{"start":{"line":0,"column":0},"end":{"line":0,"column":0},"skip":true},{"start":{"line":0,"column":0},"end":{"line":0,"column":0},"skip":true}]},"2":{"line":7,"type":"if","locations":[{"start":{"line":0,"column":0},"end":{"line":0,"column":0},"skip":true},{"start":{"line":0,"column":0},"end":{"line":0,"column":0},"skip":true}]},"3":{"line":7,"type":"if","locations":[{"start":{"line":0,"column":0},"end":{"line":0,"column":0},"skip":true},{"start":{"line":0,"column":0},"end":{"line":0,"column":0},"skip":true}]},"4":{"line":7,"type":"if","locations":[{"start":{"line":0,"column":0},"end":{"line":0,"column":0},"skip":true},{"start":{"line":0,"column":0},"end":{"line":0,"column":0},"skip":true}]},"5":{"line":9,"type":"if","locations":[{"start":{"line":0,"column":0},"end":{"line":0,"column":0},"skip":true},{"start":{"line":0,"column":0},"end":{"line":0,"column":0},"skip":true}]},"6":{"line":9,"type":"if","locations":[{"start":{"line":0,"column":0},"end":{"line":0,"column":0},"skip":true},{"start":{"line":0,"column":0},"end":{"line":0,"column":0},"skip":true}]},"7":{"line":9,"type":"if","locations":[{"start":{"line":0,"column":0},"end":{"line":0,"column":0},"skip":true},{"start":{"line":0,"column":0},"end":{"line":0,"column":0},"skip":true}]},"8":{"line":9,"type":"if","locations":[{"start":{"line":0,"column":0},"end":{"line":0,"column":0},"skip":true},{"start":{"line":0,"column":0},"end":{"line":0,"column":0},"skip":true}]},"9":{"line":9,"type":"if","locations":[{"start":{"line":0,"column":0},"end":{"line":0,"column":0},"skip":true},{"start":{"line":0,"column":0},"end":{"line":0,"column":0},"skip":true}]},"10":{"line":11,"type":"cond-expr","locations":[{"start":{"line":0,"column":0},"end":{"line":0,"column":0},"skip":true},{"start":{"line":0,"column":0},"end":{"line":0,"column":0},"skip":true}]},"11":{"line":11,"type":"binary-expr","locations":[{"start":{"line":0,"column":0},"end":{"line":0,"column":0},"skip":true},{"start":{"line":0,"column":0},"end":{"line":0,"column":0},"skip":true}]},"12":{"line":13,"type":"if","locations":[{"start":{"line":0,"column":0},"end":{"line":0,"column":0},"skip":true},{"start":{"line":0,"column":0},"end":{"line":0,"column":0},"skip":true}]},"13":{"line":15,"type":"if","locations":[{"start":{"line":0,"column":0},"end":{"line":0,"column":0},"skip":true},{"start":{"line":0,"column":0},"end":{"line":0,"column":0},"skip":true}]},"14":{"line":15,"type":"binary-expr","locations":[{"start":{"line":0,"column":0},"end":{"line":0,"column":0},"skip":true},{"start":{"line":0,"column":0},"end":{"line":0,"column":0},"skip":true}]},"15":{"line":15,"type":"binary-expr","locations":[{"start":{"line":0,"column":0},"end":{"line":0,"column":0},"skip":true},{"start":{"line":0,"column":0},"end":{"line":0,"column":0},"skip":true}]},"16":{"line":15,"type":"if","locations":[{"start":{"line":0,"column":0},"end":{"line":0,"column":0},"skip":true},{"start":{"line":0,"column":0},"end":{"line":0,"column":0},"skip":true}]},"17":{"line":15,"type":"cond-expr","locations":[{"start":{"line":0,"column":0},"end":{"line":0,"column":0},"skip":true},{"start":{"line":0,"column":0},"end":{"line":0,"column":0},"skip":true}]},"18":{"line":45,"type":"if","locations":[{"start":{"line":19,"column":8},"end":{"line":19,"column":8}},{"start":{"line":19,"column":8},"end":{"line":19,"column":8}}]},"19":{"line":45,"type":"binary-expr","locations":[{"start":{"line":19,"column":12},"end":{"line":19,"column":21}},{"start":{"line":19,"column":25},"end":{"line":19,"column":55}}]},"20":{"line":93,"type":"if","locations":[{"start":{"line":47,"column":8},"end":{"line":47,"column":8}},{"start":{"line":47,"column":8},"end":{"line":47,"column":8}}]},"21":{"line":106,"type":"if","locations":[{"start":{"line":55,"column":8},"end":{"line":55,"column":8}},{"start":{"line":55,"column":8},"end":{"line":55,"column":8}}]},"22":{"line":129,"type":"if","locations":[{"start":{"line":68,"column":8},"end":{"line":68,"column":8}},{"start":{"line":68,"column":8},"end":{"line":68,"column":8}}]},"23":{"line":142,"type":"if","locations":[{"start":{"line":92,"column":4},"end":{"line":92,"column":4}},{"start":{"line":92,"column":4},"end":{"line":92,"column":4}}]},"24":{"line":147,"type":"if","locations":[{"start":{"line":97,"column":6},"end":{"line":97,"column":6}},{"start":{"line":97,"column":6},"end":{"line":97,"column":6}}]},"25":{"line":189,"type":"if","locations":[{"start":{"line":138,"column":6},"end":{"line":138,"column":6}},{"start":{"line":138,"column":6},"end":{"line":138,"column":6}}]},"26":{"line":191,"type":"if","locations":[{"start":{"line":140,"column":8},"end":{"line":140,"column":8}},{"start":{"line":140,"column":8},"end":{"line":140,"column":8}}]}}}}