TN:
SF:/home/azazdeaz/repos/react-gsap-enhancer/src/createTarget.js
FN:7,find
FN:10,(anonymous_2)
FN:13,(anonymous_3)
FN:27,findAll
FN:30,(anonymous_5)
FN:31,(anonymous_6)
FN:40,findInChildren
FN:43,(anonymous_8)
FN:45,(anonymous_9)
FN:60,findAllInChildren
FN:63,(anonymous_11)
FN:64,(anonymous_12)
FN:73,findWithCommands
FN:74,(anonymous_14)
FN:80,isMounted
FN:84,testSelector
FN:92,(anonymous_17)
FN:97,iterateChildren
FN:98,(anonymous_19)
FN:105,recurseChildren
FN:106,(anonymous_21)
FN:112,createTarget
FN:117,(anonymous_23)
FN:119,(anonymous_24)
FN:123,(anonymous_25)
FN:126,(anonymous_26)
FN:129,(anonymous_27)
FN:132,(anonymous_28)
FN:135,(anonymous_29)
FNF:29
FNH:29
FNDA:13,find
FNDA:14,(anonymous_2)
FNDA:51,(anonymous_3)
FNDA:8,findAll
FNDA:8,(anonymous_5)
FNDA:35,(anonymous_6)
FNDA:10,findInChildren
FNDA:11,(anonymous_8)
FNDA:24,(anonymous_9)
FNDA:8,findAllInChildren
FNDA:8,(anonymous_11)
FNDA:21,(anonymous_12)
FNDA:6,findWithCommands
FNDA:9,(anonymous_14)
FNDA:131,isMounted
FNDA:100,testSelector
FNDA:97,(anonymous_17)
FNDA:127,iterateChildren
FNDA:131,(anonymous_19)
FNDA:108,recurseChildren
FNDA:86,(anonymous_21)
FNDA:69,createTarget
FNDA:78,(anonymous_23)
FNDA:78,(anonymous_24)
FNDA:13,(anonymous_25)
FNDA:8,(anonymous_26)
FNDA:10,(anonymous_27)
FNDA:8,(anonymous_28)
FNDA:6,(anonymous_29)
DA:0,100
DA:1,1
DA:2,13
DA:4,13
DA:5,14
DA:7,14
DA:8,51
DA:9,11
DA:13,14
DA:14,11
DA:18,13
DA:21,1
DA:22,8
DA:24,8
DA:25,35
DA:26,17
DA:29,8
DA:32,1
DA:33,10
DA:35,10
DA:36,11
DA:37,11
DA:38,24
DA:39,11
DA:43,11
DA:45,8
DA:49,10
DA:52,1
DA:53,8
DA:55,8
DA:56,21
DA:57,12
DA:60,8
DA:63,1
DA:64,6
DA:65,9
DA:67,6
DA:70,1
DA:71,131
DA:74,1
DA:75,100
DA:76,26
DA:79,100
DA:80,97
DA:84,1
DA:85,127
DA:86,131
DA:87,131
DA:92,1
DA:93,108
DA:94,86
DA:95,86
DA:99,1
DA:100,69
DA:101,30
DA:104,69
DA:106,69
DA:107,69
DA:108,69
DA:109,69
DA:110,69
DA:112,69
LF:62
LH:62
BRDA:14,1,0,11
BRDA:14,1,1,40
BRDA:14,2,0,51
BRDA:14,2,1,20
BRDA:19,3,0,11
BRDA:19,3,1,3
BRDA:32,4,0,17
BRDA:32,4,1,18
BRDA:46,5,0,11
BRDA:46,5,1,13
BRDA:51,6,0,8
BRDA:51,6,1,3
BRDA:65,7,0,12
BRDA:65,7,1,9
BRDA:85,8,0,12
BRDA:85,8,1,88
BRDA:85,9,0,100
BRDA:85,9,1,100
BRDA:87,10,0,26
BRDA:87,10,1,74
BRDA:99,11,0,131
BRDA:99,11,1,0
BRDA:113,12,0,30
BRDA:113,12,1,39
BRF:24
BRH:23
end_of_record
