TN:
SF:/home/azazdeaz/repos/react-gsap-enhancer/src/createTarget.js
FN:7,(anonymous_1)
FN:10,find
FN:13,(anonymous_3)
FN:16,(anonymous_4)
FN:30,findAll
FN:33,(anonymous_6)
FN:34,(anonymous_7)
FN:43,findInChildren
FN:46,(anonymous_9)
FN:48,(anonymous_10)
FN:62,findAllInChildren
FN:65,(anonymous_12)
FN:66,(anonymous_13)
FN:75,findWithCommands
FN:76,(anonymous_15)
FN:82,isMounted
FN:86,testSelector
FN:93,(anonymous_18)
FN:98,iterateChildren
FN:99,(anonymous_20)
FN:106,recurseChildren
FN:107,(anonymous_22)
FN:113,createTarget
FN:118,(anonymous_24)
FN:120,(anonymous_25)
FN:124,(anonymous_26)
FN:127,(anonymous_27)
FN:130,(anonymous_28)
FN:133,(anonymous_29)
FN:136,(anonymous_30)
FNF:30
FNH:30
FNDA:0,(anonymous_1)
FNDA:14,find
FNDA:15,(anonymous_3)
FNDA:56,(anonymous_4)
FNDA:8,findAll
FNDA:8,(anonymous_6)
FNDA:35,(anonymous_7)
FNDA:11,findInChildren
FNDA:12,(anonymous_9)
FNDA:27,(anonymous_10)
FNDA:8,findAllInChildren
FNDA:8,(anonymous_12)
FNDA:21,(anonymous_13)
FNDA:6,findWithCommands
FNDA:9,(anonymous_15)
FNDA:139,isMounted
FNDA:96,testSelector
FNDA:93,(anonymous_18)
FNDA:134,iterateChildren
FNDA:139,(anonymous_20)
FNDA:114,recurseChildren
FNDA:91,(anonymous_22)
FNDA:72,createTarget
FNDA:81,(anonymous_24)
FNDA:81,(anonymous_25)
FNDA:14,(anonymous_26)
FNDA:8,(anonymous_27)
FNDA:11,(anonymous_28)
FNDA:8,(anonymous_29)
FNDA:6,(anonymous_30)
DA:0,96
DA:1,1
DA:2,14
DA:4,14
DA:5,15
DA:7,15
DA:8,56
DA:9,12
DA:13,15
DA:14,12
DA:18,14
DA:21,1
DA:22,8
DA:24,8
DA:25,35
DA:26,17
DA:29,8
DA:32,1
DA:33,11
DA:35,11
DA:36,12
DA:37,12
DA:38,27
DA:39,9
DA:43,12
DA:44,9
DA:48,11
DA:51,1
DA:52,8
DA:54,8
DA:55,21
DA:56,12
DA:59,8
DA:62,1
DA:63,6
DA:64,9
DA:66,6
DA:69,1
DA:70,139
DA:73,1
DA:74,96
DA:75,26
DA:77,96
DA:78,96
DA:79,93
DA:83,1
DA:84,134
DA:85,139
DA:86,139
DA:91,1
DA:92,114
DA:93,91
DA:94,91
DA:98,1
DA:99,72
DA:100,31
DA:103,72
DA:105,72
DA:106,72
DA:107,72
DA:108,72
DA:109,72
DA:111,72
LF:63
LH:63
BRDA:7,1,0,1
BRDA:7,1,1,0
BRDA:7,2,0,0
BRDA:7,2,1,0
BRDA:17,3,0,12
BRDA:17,3,1,44
BRDA:17,4,0,56
BRDA:17,4,1,21
BRDA:22,5,0,12
BRDA:22,5,1,3
BRDA:35,6,0,17
BRDA:35,6,1,18
BRDA:49,7,0,9
BRDA:49,7,1,18
BRDA:49,8,0,27
BRDA:49,8,1,19
BRDA:54,9,0,9
BRDA:54,9,1,3
BRDA:67,10,0,12
BRDA:67,10,1,9
BRDA:87,11,0,10
BRDA:87,11,1,86
BRDA:87,12,0,96
BRDA:87,12,1,96
BRDA:89,13,0,26
BRDA:89,13,1,70
BRDA:100,14,0,139
BRDA:100,14,1,0
BRDA:114,15,0,31
BRDA:114,15,1,41
BRF:30
BRH:29
end_of_record
TN:
SF:/home/azazdeaz/repos/react-gsap-enhancer/src/attachRefs.js
FN:8,_interopRequireDefault
FN:14,(anonymous_2)
FN:18,attachRefs
FN:41,(anonymous_4)
FN:56,(anonymous_5)
FN:61,cloneChild
FNF:6
FNH:6
FNDA:1,_interopRequireDefault
FNDA:3,(anonymous_2)
FNDA:15,attachRefs
FNDA:3,(anonymous_4)
FNDA:5,(anonymous_5)
FNDA:6,cloneChild
DA:0,15
DA:3,1
DA:5,1
DA:7,15
DA:8,5
DA:11,15
DA:12,1
DA:17,14
DA:18,14
DA:19,1
DA:22,13
DA:27,14
DA:28,13
DA:29,3
DA:30,3
DA:31,3
DA:33,3
DA:34,2
DA:39,14
DA:40,14
DA:41,1
DA:44,13
DA:45,5
DA:49,1
DA:50,6
DA:51,5
DA:54,1
DA:58,14
LF:28
LH:28
BRDA:8,1,0,0
BRDA:8,1,1,1
BRDA:8,2,0,1
BRDA:8,2,1,1
BRDA:19,3,0,11
BRDA:19,3,1,4
BRDA:19,4,0,15
BRDA:19,4,1,5
BRDA:23,5,0,5
BRDA:23,5,1,10
BRDA:27,6,0,1
BRDA:27,6,1,14
BRDA:32,7,0,1
BRDA:32,7,1,13
BRDA:40,8,0,13
BRDA:40,8,1,1
BRDA:46,9,0,2
BRDA:46,9,1,1
BRDA:53,10,0,1
BRDA:53,10,1,13
BRDA:62,11,0,5
BRDA:62,11,1,1
BRF:22
BRH:22
end_of_record
TN:
SF:/home/azazdeaz/repos/react-gsap-enhancer/src/Animation.js
FN:7,(anonymous_1)
FN:7,defineProperties
FN:7,(anonymous_3)
FN:9,_toConsumableArray
FN:11,_classCallCheck
FN:13,(anonymous_6)
FN:14,Animation
FN:26,replaceAnimationSource
FN:39,attach
FN:57,(anonymous_10)
FN:70,bindAPI
FN:74,(anonymous_12)
FN:75,(anonymous_13)
FNF:13
FNH:13
FNDA:1,(anonymous_1)
FNDA:1,defineProperties
FNDA:1,(anonymous_3)
FNDA:1,_toConsumableArray
FNDA:10,_classCallCheck
FNDA:1,(anonymous_6)
FNDA:10,Animation
FNDA:3,replaceAnimationSource
FNDA:9,attach
FNDA:1,(anonymous_10)
FNDA:1,bindAPI
FNDA:80,(anonymous_12)
FNDA:4,(anonymous_13)
DA:0,10
DA:2,1
DA:3,10
DA:4,10
DA:5,10
DA:6,10
DA:7,10
DA:11,3
DA:12,2
DA:13,2
DA:14,2
DA:15,2
DA:18,1
DA:23,9
DA:24,1
DA:25,1
DA:26,1
DA:31,1
DA:32,1
DA:36,8
DA:42,9
DA:49,1
DA:50,1
DA:51,1
DA:53,1
DA:54,80
DA:56,4
DA:57,2
DA:59,2
DA:60,1
DA:63,1
DA:65,3
DA:69,1
LF:33
LH:33
BRDA:7,1,0,2
BRDA:7,1,1,2
BRDA:7,2,0,2
BRDA:7,2,1,0
BRDA:7,3,0,1
BRDA:7,3,1,0
BRDA:7,4,0,0
BRDA:7,4,1,1
BRDA:9,5,0,1
BRDA:9,5,1,0
BRDA:11,6,0,0
BRDA:11,6,1,10
BRDA:27,7,0,2
BRDA:27,7,1,1
BRDA:42,8,0,1
BRDA:42,8,1,8
BRDA:47,9,0,1
BRDA:47,9,1,0
BRDA:80,10,0,2
BRDA:80,10,1,2
BRDA:82,11,0,1
BRDA:82,11,1,1
BRF:22
BRH:21
end_of_record
TN:
SF:/home/azazdeaz/repos/react-gsap-enhancer/src/gsap-enhancer.js
FN:7,(anonymous_1)
FN:7,defineProperties
FN:7,(anonymous_3)
FN:9,get
FN:11,_interopRequireDefault
FN:13,_classCallCheck
FN:15,_inherits
FN:29,(anonymous_8)
FN:31,enhance
FN:32,(anonymous_10)
FN:35,GSAPEnhancer
FN:42,(anonymous_12)
FN:82,removeAnimation
FN:90,componentDidMount
FN:103,componentWillUpdate
FN:116,render
FN:125,componentDidUpdate
FN:146,(anonymous_18)
FN:161,reattachAll
FN:166,attachAll
FN:167,(anonymous_21)
FN:172,restoreRenderedStyles
FN:173,(anonymous_23)
FN:178,saveRenderedStyles
FN:179,(anonymous_25)
FN:186,walkItemTree
FN:187,walk
FN:188,(anonymous_28)
FNF:28
FNH:7
FNDA:1,(anonymous_1)
FNDA:0,defineProperties
FNDA:0,(anonymous_3)
FNDA:0,get
FNDA:3,_interopRequireDefault
FNDA:0,_classCallCheck
FNDA:0,_inherits
FNDA:0,(anonymous_8)
FNDA:0,enhance
FNDA:0,(anonymous_10)
FNDA:0,GSAPEnhancer
FNDA:0,(anonymous_12)
FNDA:0,removeAnimation
FNDA:0,componentDidMount
FNDA:0,componentWillUpdate
FNDA:0,render
FNDA:0,componentDidUpdate
FNDA:0,(anonymous_18)
FNDA:0,reattachAll
FNDA:0,attachAll
FNDA:0,(anonymous_21)
FNDA:0,restoreRenderedStyles
FNDA:0,(anonymous_23)
FNDA:0,saveRenderedStyles
FNDA:0,(anonymous_25)
FNDA:0,walkItemTree
FNDA:0,walk
FNDA:0,(anonymous_28)
DA:0,3
DA:7,0
DA:9,1
DA:10,0
DA:11,0
DA:12,0
DA:13,0
DA:18,0
DA:19,0
DA:20,0
DA:23,0
DA:24,0
DA:30,0
DA:32,0
DA:34,0
DA:38,0
DA:39,0
DA:41,0
DA:44,0
DA:45,0
DA:47,0
DA:48,0
DA:52,0
DA:53,0
DA:55,0
DA:56,0
DA:60,0
DA:61,0
DA:64,0
DA:65,0
DA:66,0
DA:68,0
DA:69,0
DA:92,0
DA:96,0
DA:97,0
DA:98,0
DA:99,0
DA:104,0
DA:112,1
DA:113,0
DA:114,0
DA:117,1
DA:118,0
DA:121,1
DA:122,0
DA:123,0
DA:127,1
DA:128,0
DA:129,0
DA:130,0
DA:131,0
DA:135,1
DA:136,1
DA:137,0
DA:138,0
DA:139,0
DA:140,0
DA:141,0
DA:146,0
LF:60
LH:8
BRDA:7,1,0,0
BRDA:7,1,1,0
BRDA:7,2,0,0
BRDA:7,2,1,0
BRDA:7,3,0,0
BRDA:7,3,1,0
BRDA:7,4,0,0
BRDA:7,4,1,0
BRDA:9,5,0,0
BRDA:9,5,1,0
BRDA:9,6,0,0
BRDA:9,6,1,0
BRDA:9,7,0,0
BRDA:9,7,1,0
BRDA:9,8,0,0
BRDA:9,8,1,0
BRDA:9,9,0,0
BRDA:9,9,1,0
BRDA:11,10,0,0
BRDA:11,10,1,3
BRDA:11,11,0,3
BRDA:11,11,1,3
BRDA:13,12,0,0
BRDA:13,12,1,0
BRDA:15,13,0,0
BRDA:15,13,1,0
BRDA:15,14,0,0
BRDA:15,14,1,0
BRDA:15,15,0,0
BRDA:15,15,1,0
BRDA:15,16,0,0
BRDA:15,16,1,0
BRDA:15,17,0,0
BRDA:15,17,1,0
BRDA:45,18,0,0
BRDA:45,18,1,0
BRDA:45,19,0,0
BRDA:45,19,1,0
BRDA:93,20,0,0
BRDA:93,20,1,0
BRDA:106,21,0,0
BRDA:106,21,1,0
BRDA:129,22,0,0
BRDA:129,22,1,0
BRDA:142,23,0,0
BRDA:142,23,1,0
BRDA:147,24,0,0
BRDA:147,24,1,0
BRDA:189,25,0,0
BRDA:189,25,1,0
BRDA:191,26,0,0
BRDA:191,26,1,0
BRF:52
BRH:34
end_of_record
